{"name":"hexo","hostname":"baidus-MacBook-Pro.local","pid":769,"level":20,"msg":"Hexo version: \u001b[35m3.2.2\u001b[39m","time":"2017-08-26T09:22:29.627Z","v":0}
{"name":"hexo","hostname":"baidus-MacBook-Pro.local","pid":769,"level":20,"msg":"Working directory: \u001b[35m~/Documents/blog/Emma-Ding.github.io/\u001b[39m","time":"2017-08-26T09:22:29.630Z","v":0}
{"name":"hexo","hostname":"baidus-MacBook-Pro.local","pid":769,"level":20,"msg":"Config loaded: \u001b[35m~/Documents/blog/Emma-Ding.github.io/_config.yml\u001b[39m","time":"2017-08-26T09:22:29.724Z","v":0}
{"name":"hexo","hostname":"baidus-MacBook-Pro.local","pid":769,"level":20,"msg":"Plugin loaded: \u001b[35mhexo-deployer-git\u001b[39m","time":"2017-08-26T09:22:29.946Z","v":0}
{"name":"hexo","hostname":"baidus-MacBook-Pro.local","pid":769,"level":20,"msg":"Plugin loaded: \u001b[35mhexo-generator-archive\u001b[39m","time":"2017-08-26T09:22:29.949Z","v":0}
{"name":"hexo","hostname":"baidus-MacBook-Pro.local","pid":769,"level":20,"msg":"Plugin loaded: \u001b[35mhexo-generator-category\u001b[39m","time":"2017-08-26T09:22:29.951Z","v":0}
{"name":"hexo","hostname":"baidus-MacBook-Pro.local","pid":769,"level":20,"msg":"Plugin loaded: \u001b[35mhexo-generator-index\u001b[39m","time":"2017-08-26T09:22:29.954Z","v":0}
{"name":"hexo","hostname":"baidus-MacBook-Pro.local","pid":769,"level":20,"msg":"Plugin loaded: \u001b[35mhexo-generator-tag\u001b[39m","time":"2017-08-26T09:22:29.958Z","v":0}
{"name":"hexo","hostname":"baidus-MacBook-Pro.local","pid":769,"level":20,"msg":"Plugin loaded: \u001b[35mhexo-renderer-ejs\u001b[39m","time":"2017-08-26T09:22:29.962Z","v":0}
{"name":"hexo","hostname":"baidus-MacBook-Pro.local","pid":769,"level":20,"msg":"Plugin loaded: \u001b[35mhexo-renderer-marked\u001b[39m","time":"2017-08-26T09:22:30.056Z","v":0}
{"name":"hexo","hostname":"baidus-MacBook-Pro.local","pid":769,"level":20,"msg":"Plugin loaded: \u001b[35mhexo-server\u001b[39m","time":"2017-08-26T09:22:30.166Z","v":0}
{"name":"hexo","hostname":"baidus-MacBook-Pro.local","pid":769,"level":20,"msg":"Plugin loaded: \u001b[35mhexo-renderer-stylus\u001b[39m","time":"2017-08-26T09:22:30.168Z","v":0}
{"name":"hexo","hostname":"baidus-MacBook-Pro.local","pid":769,"level":20,"msg":"Loading database.","time":"2017-08-26T09:22:30.179Z","v":0}
{"name":"hexo","hostname":"baidus-MacBook-Pro.local","pid":769,"level":30,"msg":"Start processing","time":"2017-08-26T09:22:30.187Z","v":0}
{"name":"hexo","hostname":"baidus-MacBook-Pro.local","pid":769,"level":20,"msg":"Processed: \u001b[35mimg/240_1.jpg\u001b[39m","time":"2017-08-26T09:22:30.275Z","v":0}
{"name":"hexo","hostname":"baidus-MacBook-Pro.local","pid":769,"level":20,"msg":"Processed: \u001b[35mimg/archives.jpg\u001b[39m","time":"2017-08-26T09:22:30.275Z","v":0}
{"name":"hexo","hostname":"baidus-MacBook-Pro.local","pid":769,"level":20,"msg":"Processed: \u001b[35mimg/7.jpg\u001b[39m","time":"2017-08-26T09:22:30.276Z","v":0}
{"name":"hexo","hostname":"baidus-MacBook-Pro.local","pid":769,"level":20,"msg":"Processed: \u001b[35mimg/avatar.jpg\u001b[39m","time":"2017-08-26T09:22:30.278Z","v":0}
{"name":"hexo","hostname":"baidus-MacBook-Pro.local","pid":769,"level":20,"msg":"Processed: \u001b[35mimg/favicon.ico\u001b[39m","time":"2017-08-26T09:22:30.279Z","v":0}
{"name":"hexo","hostname":"baidus-MacBook-Pro.local","pid":769,"level":20,"msg":"Processed: \u001b[35mimg/icon_wechat.png\u001b[39m","time":"2017-08-26T09:22:30.279Z","v":0}
{"name":"hexo","hostname":"baidus-MacBook-Pro.local","pid":769,"level":20,"msg":"Processed: \u001b[35mimg/mao.jpg\u001b[39m","time":"2017-08-26T09:22:30.280Z","v":0}
{"name":"hexo","hostname":"baidus-MacBook-Pro.local","pid":769,"level":20,"msg":"Processed: \u001b[35msource/CNAME\u001b[39m","time":"2017-08-26T09:22:30.287Z","v":0}
{"name":"hexo","hostname":"baidus-MacBook-Pro.local","pid":769,"level":20,"msg":"Processed: \u001b[35m404.md\u001b[39m","time":"2017-08-26T09:22:30.308Z","v":0}
{"name":"hexo","hostname":"baidus-MacBook-Pro.local","pid":769,"level":20,"msg":"Processed: \u001b[35mimg/about.jpg\u001b[39m","time":"2017-08-26T09:22:30.309Z","v":0}
{"name":"hexo","hostname":"baidus-MacBook-Pro.local","pid":769,"level":20,"msg":"Processed: \u001b[35mimg/me.jpg\u001b[39m","time":"2017-08-26T09:22:30.310Z","v":0}
{"name":"hexo","hostname":"baidus-MacBook-Pro.local","pid":769,"level":20,"msg":"Processed: \u001b[35mimg/tag-bg.jpg\u001b[39m","time":"2017-08-26T09:22:30.310Z","v":0}
{"name":"hexo","hostname":"baidus-MacBook-Pro.local","pid":769,"level":20,"msg":"Theme config loaded.","time":"2017-08-26T09:22:30.316Z","v":0}
{"name":"hexo","hostname":"baidus-MacBook-Pro.local","pid":769,"level":20,"msg":"Processed: \u001b[35m_config.yml\u001b[39m","time":"2017-08-26T09:22:30.316Z","v":0}
{"name":"hexo","hostname":"baidus-MacBook-Pro.local","pid":769,"level":20,"msg":"Processed: \u001b[35mimg/404-bg.jpg\u001b[39m","time":"2017-08-26T09:22:30.319Z","v":0}
{"name":"hexo","hostname":"baidus-MacBook-Pro.local","pid":769,"level":20,"msg":"Processed: \u001b[35mimg/404.jpg\u001b[39m","time":"2017-08-26T09:22:30.322Z","v":0}
{"name":"hexo","hostname":"baidus-MacBook-Pro.local","pid":769,"level":20,"msg":"Processed: \u001b[35mimg/8.jpg\u001b[39m","time":"2017-08-26T09:22:30.323Z","v":0}
{"name":"hexo","hostname":"baidus-MacBook-Pro.local","pid":769,"level":20,"msg":"Processed: \u001b[35mimg/home-bg-o.jpg\u001b[39m","time":"2017-08-26T09:22:30.324Z","v":0}
{"name":"hexo","hostname":"baidus-MacBook-Pro.local","pid":769,"level":20,"msg":"Processed: \u001b[35msource/css/highlight.styl\u001b[39m","time":"2017-08-26T09:22:30.326Z","v":0}
{"name":"hexo","hostname":"baidus-MacBook-Pro.local","pid":769,"level":20,"msg":"Processed: \u001b[35msource/css/hux-blog.css\u001b[39m","time":"2017-08-26T09:22:30.327Z","v":0}
{"name":"hexo","hostname":"baidus-MacBook-Pro.local","pid":769,"level":20,"msg":"Processed: \u001b[35msource/css/hux-blog.min.css\u001b[39m","time":"2017-08-26T09:22:30.328Z","v":0}
{"name":"hexo","hostname":"baidus-MacBook-Pro.local","pid":769,"level":20,"msg":"Processed: \u001b[35msource/fonts/glyphicons-halflings-regular.eot\u001b[39m","time":"2017-08-26T09:22:30.328Z","v":0}
{"name":"hexo","hostname":"baidus-MacBook-Pro.local","pid":769,"level":20,"msg":"Processed: \u001b[35msource/fonts/glyphicons-halflings-regular.ttf\u001b[39m","time":"2017-08-26T09:22:30.329Z","v":0}
{"name":"hexo","hostname":"baidus-MacBook-Pro.local","pid":769,"level":20,"msg":"Processed: \u001b[35msource/fonts/glyphicons-halflings-regular.woff\u001b[39m","time":"2017-08-26T09:22:30.329Z","v":0}
{"name":"hexo","hostname":"baidus-MacBook-Pro.local","pid":769,"level":20,"msg":"Processed: \u001b[35msource/fonts/glyphicons-halflings-regular.woff2\u001b[39m","time":"2017-08-26T09:22:30.329Z","v":0}
{"name":"hexo","hostname":"baidus-MacBook-Pro.local","pid":769,"level":20,"msg":"Processed: \u001b[35msource/js/bootstrap.min.js\u001b[39m","time":"2017-08-26T09:22:30.330Z","v":0}
{"name":"hexo","hostname":"baidus-MacBook-Pro.local","pid":769,"level":20,"msg":"Processed: \u001b[35msource/js/hux-blog.js\u001b[39m","time":"2017-08-26T09:22:30.332Z","v":0}
{"name":"hexo","hostname":"baidus-MacBook-Pro.local","pid":769,"level":20,"msg":"Processed: \u001b[35msource/js/jquery.nav.js\u001b[39m","time":"2017-08-26T09:22:30.332Z","v":0}
{"name":"hexo","hostname":"baidus-MacBook-Pro.local","pid":769,"level":20,"msg":"Processed: \u001b[35msource/js/hux-blog.min.js\u001b[39m","time":"2017-08-26T09:22:30.333Z","v":0}
{"name":"hexo","hostname":"baidus-MacBook-Pro.local","pid":769,"level":20,"msg":"Processed: \u001b[35msource/js/jquery.tagcloud.js\u001b[39m","time":"2017-08-26T09:22:30.334Z","v":0}
{"name":"hexo","hostname":"baidus-MacBook-Pro.local","pid":769,"level":20,"msg":"Processed: \u001b[35msource/img/avatar.jpg\u001b[39m","time":"2017-08-26T09:22:30.336Z","v":0}
{"name":"hexo","hostname":"baidus-MacBook-Pro.local","pid":769,"level":20,"msg":"Processed: \u001b[35msource/img/favicon.ico\u001b[39m","time":"2017-08-26T09:22:30.337Z","v":0}
{"name":"hexo","hostname":"baidus-MacBook-Pro.local","pid":769,"level":20,"msg":"Processed: \u001b[35msource/img/icon_wechat.png\u001b[39m","time":"2017-08-26T09:22:30.338Z","v":0}
{"name":"hexo","hostname":"baidus-MacBook-Pro.local","pid":769,"level":20,"msg":"Processed: \u001b[35mimg/1.jpg\u001b[39m","time":"2017-08-26T09:22:30.344Z","v":0}
{"name":"hexo","hostname":"baidus-MacBook-Pro.local","pid":769,"level":20,"msg":"Processed: \u001b[35mimg/homepage.jpg\u001b[39m","time":"2017-08-26T09:22:30.345Z","v":0}
{"name":"hexo","hostname":"baidus-MacBook-Pro.local","pid":769,"level":20,"msg":"Processed: \u001b[35mimg/tags.jpg\u001b[39m","time":"2017-08-26T09:22:30.345Z","v":0}
{"name":"hexo","hostname":"baidus-MacBook-Pro.local","pid":769,"level":20,"msg":"Processed: \u001b[35msource/css/bootstrap.min.css\u001b[39m","time":"2017-08-26T09:22:30.345Z","v":0}
{"name":"hexo","hostname":"baidus-MacBook-Pro.local","pid":769,"level":20,"msg":"Processed: \u001b[35msource/fonts/glyphicons-halflings-regular.svg\u001b[39m","time":"2017-08-26T09:22:30.346Z","v":0}
{"name":"hexo","hostname":"baidus-MacBook-Pro.local","pid":769,"level":20,"msg":"Processed: \u001b[35msource/js/bootstrap.js\u001b[39m","time":"2017-08-26T09:22:30.346Z","v":0}
{"name":"hexo","hostname":"baidus-MacBook-Pro.local","pid":769,"level":20,"msg":"Processed: \u001b[35msource/js/jquery.min.js\u001b[39m","time":"2017-08-26T09:22:30.347Z","v":0}
{"name":"hexo","hostname":"baidus-MacBook-Pro.local","pid":769,"level":20,"msg":"Processed: \u001b[35msource/img/tag-bg.jpg\u001b[39m","time":"2017-08-26T09:22:30.347Z","v":0}
{"name":"hexo","hostname":"baidus-MacBook-Pro.local","pid":769,"level":20,"msg":"Processed: \u001b[35mlayout/about.ejs\u001b[39m","time":"2017-08-26T09:22:30.372Z","v":0}
{"name":"hexo","hostname":"baidus-MacBook-Pro.local","pid":769,"level":20,"msg":"Processed: \u001b[35mlayout/404.ejs\u001b[39m","time":"2017-08-26T09:22:30.372Z","v":0}
{"name":"hexo","hostname":"baidus-MacBook-Pro.local","pid":769,"level":20,"msg":"Processed: \u001b[35mlayout/archive.ejs\u001b[39m","time":"2017-08-26T09:22:30.373Z","v":0}
{"name":"hexo","hostname":"baidus-MacBook-Pro.local","pid":769,"level":20,"msg":"Processed: \u001b[35mlayout/archives.ejs\u001b[39m","time":"2017-08-26T09:22:30.373Z","v":0}
{"name":"hexo","hostname":"baidus-MacBook-Pro.local","pid":769,"level":20,"msg":"Processed: \u001b[35mlayout/index.ejs\u001b[39m","time":"2017-08-26T09:22:30.373Z","v":0}
{"name":"hexo","hostname":"baidus-MacBook-Pro.local","pid":769,"level":20,"msg":"Processed: \u001b[35mlayout/keynote.ejs\u001b[39m","time":"2017-08-26T09:22:30.373Z","v":0}
{"name":"hexo","hostname":"baidus-MacBook-Pro.local","pid":769,"level":20,"msg":"Processed: \u001b[35mlayout/layout.ejs\u001b[39m","time":"2017-08-26T09:22:30.374Z","v":0}
{"name":"hexo","hostname":"baidus-MacBook-Pro.local","pid":769,"level":20,"msg":"Processed: \u001b[35mlayout/page.ejs\u001b[39m","time":"2017-08-26T09:22:30.374Z","v":0}
{"name":"hexo","hostname":"baidus-MacBook-Pro.local","pid":769,"level":20,"msg":"Processed: \u001b[35mlayout/post.ejs\u001b[39m","time":"2017-08-26T09:22:30.374Z","v":0}
{"name":"hexo","hostname":"baidus-MacBook-Pro.local","pid":769,"level":20,"msg":"Processed: \u001b[35mlayout/tags.ejs\u001b[39m","time":"2017-08-26T09:22:30.374Z","v":0}
{"name":"hexo","hostname":"baidus-MacBook-Pro.local","pid":769,"level":20,"msg":"Processed: \u001b[35mabout/index.md\u001b[39m","time":"2017-08-26T09:22:30.396Z","v":0}
{"name":"hexo","hostname":"baidus-MacBook-Pro.local","pid":769,"level":20,"msg":"Processed: \u001b[35marchives/index.md\u001b[39m","time":"2017-08-26T09:22:30.400Z","v":0}
{"name":"hexo","hostname":"baidus-MacBook-Pro.local","pid":769,"level":20,"msg":"Processed: \u001b[35mtags/index.md\u001b[39m","time":"2017-08-26T09:22:30.400Z","v":0}
{"name":"hexo","hostname":"baidus-MacBook-Pro.local","pid":769,"level":20,"msg":"Processed: \u001b[35mimg/contact-bg.jpg\u001b[39m","time":"2017-08-26T09:22:30.402Z","v":0}
{"name":"hexo","hostname":"baidus-MacBook-Pro.local","pid":769,"level":20,"msg":"Processed: \u001b[35msource/css/bootstrap.css\u001b[39m","time":"2017-08-26T09:22:30.403Z","v":0}
{"name":"hexo","hostname":"baidus-MacBook-Pro.local","pid":769,"level":20,"msg":"Processed: \u001b[35msource/img/404-bg.jpg\u001b[39m","time":"2017-08-26T09:22:30.404Z","v":0}
{"name":"hexo","hostname":"baidus-MacBook-Pro.local","pid":769,"level":20,"msg":"Processed: \u001b[35msource/img/home-bg-o.jpg\u001b[39m","time":"2017-08-26T09:22:30.404Z","v":0}
{"name":"hexo","hostname":"baidus-MacBook-Pro.local","pid":769,"level":20,"msg":"Processed: \u001b[35m_posts/reading_daoshangshudian/1.jpg\u001b[39m","time":"2017-08-26T09:22:30.418Z","v":0}
{"name":"hexo","hostname":"baidus-MacBook-Pro.local","pid":769,"level":20,"msg":"Processed: \u001b[35msource/js/jquery.js\u001b[39m","time":"2017-08-26T09:22:30.418Z","v":0}
{"name":"hexo","hostname":"baidus-MacBook-Pro.local","pid":769,"level":20,"msg":"Processed: \u001b[35msource/img/home-bg.jpg\u001b[39m","time":"2017-08-26T09:22:30.419Z","v":0}
{"name":"hexo","hostname":"baidus-MacBook-Pro.local","pid":769,"level":20,"msg":"Processed: \u001b[35mlayout/_partial/head.ejs\u001b[39m","time":"2017-08-26T09:22:30.425Z","v":0}
{"name":"hexo","hostname":"baidus-MacBook-Pro.local","pid":769,"level":20,"msg":"Processed: \u001b[35mlayout/_partial/nav.ejs\u001b[39m","time":"2017-08-26T09:22:30.425Z","v":0}
{"name":"hexo","hostname":"baidus-MacBook-Pro.local","pid":769,"level":20,"msg":"Processed: \u001b[35mlayout/_partial/pagination.ejs\u001b[39m","time":"2017-08-26T09:22:30.425Z","v":0}
{"name":"hexo","hostname":"baidus-MacBook-Pro.local","pid":769,"level":20,"msg":"Processed: \u001b[35mlayout/_partial/footer.ejs\u001b[39m","time":"2017-08-26T09:22:30.425Z","v":0}
{"name":"hexo","hostname":"baidus-MacBook-Pro.local","pid":769,"level":20,"msg":"Processed: \u001b[35m_posts/little-lazy.md\u001b[39m","time":"2017-08-26T09:22:30.425Z","v":0}
{"name":"hexo","hostname":"baidus-MacBook-Pro.local","pid":769,"level":20,"msg":"Processed: \u001b[35m_posts/test.md\u001b[39m","time":"2017-08-26T09:22:30.425Z","v":0}
{"name":"hexo","hostname":"baidus-MacBook-Pro.local","pid":769,"level":20,"msg":"Processed: \u001b[35msource/img/contact-bg.jpg\u001b[39m","time":"2017-08-26T09:22:30.426Z","v":0}
{"name":"hexo","hostname":"baidus-MacBook-Pro.local","pid":769,"level":20,"msg":"Processed: \u001b[35m_posts/reading_daoshangshudian.md\u001b[39m","time":"2017-08-26T09:22:30.427Z","v":0}
{"name":"hexo","hostname":"baidus-MacBook-Pro.local","pid":769,"level":20,"msg":"Processed: \u001b[35mimg/about-bg.jpg\u001b[39m","time":"2017-08-26T09:22:30.427Z","v":0}
{"name":"hexo","hostname":"baidus-MacBook-Pro.local","pid":769,"level":20,"msg":"Processed: \u001b[35msource/img/about-bg.jpg\u001b[39m","time":"2017-08-26T09:22:30.455Z","v":0}
{"name":"hexo","hostname":"baidus-MacBook-Pro.local","pid":769,"level":20,"msg":"Generator: \u001b[35mpage\u001b[39m","time":"2017-08-26T09:22:30.639Z","v":0}
{"name":"hexo","hostname":"baidus-MacBook-Pro.local","pid":769,"level":20,"msg":"Generator: \u001b[35mpost\u001b[39m","time":"2017-08-26T09:22:30.639Z","v":0}
{"name":"hexo","hostname":"baidus-MacBook-Pro.local","pid":769,"level":20,"msg":"Generator: \u001b[35marchive\u001b[39m","time":"2017-08-26T09:22:30.639Z","v":0}
{"name":"hexo","hostname":"baidus-MacBook-Pro.local","pid":769,"level":20,"msg":"Generator: \u001b[35mcategory\u001b[39m","time":"2017-08-26T09:22:30.639Z","v":0}
{"name":"hexo","hostname":"baidus-MacBook-Pro.local","pid":769,"level":20,"msg":"Generator: \u001b[35mindex\u001b[39m","time":"2017-08-26T09:22:30.639Z","v":0}
{"name":"hexo","hostname":"baidus-MacBook-Pro.local","pid":769,"level":20,"msg":"Generator: \u001b[35mtag\u001b[39m","time":"2017-08-26T09:22:30.639Z","v":0}
{"name":"hexo","hostname":"baidus-MacBook-Pro.local","pid":769,"level":20,"msg":"Generator: \u001b[35masset\u001b[39m","time":"2017-08-26T09:22:30.642Z","v":0}
{"name":"hexo","hostname":"baidus-MacBook-Pro.local","pid":769,"level":30,"msg":"Hexo is running at \u001b[4mhttp://localhost:4000/\u001b[24m. Press Ctrl+C to stop.","time":"2017-08-26T09:22:30.648Z","v":0}
{"name":"hexo","hostname":"baidus-MacBook-Pro.local","pid":769,"level":20,"msg":"Database saved","time":"2017-08-26T09:22:30.662Z","v":0}
{"name":"hexo","hostname":"baidus-MacBook-Pro.local","pid":769,"level":20,"msg":"Rendering index: \u001b[35mindex.html\u001b[39m","time":"2017-08-26T09:22:36.582Z","v":0}
{"name":"hexo","hostname":"baidus-MacBook-Pro.local","pid":769,"level":20,"msg":"Rendering index: \u001b[35mindex.html\u001b[39m","time":"2017-08-26T09:22:40.804Z","v":0}
{"name":"hexo","hostname":"baidus-MacBook-Pro.local","pid":769,"level":20,"msg":"Rendering post: \u001b[35m2017/08/26/test/index.html\u001b[39m","time":"2017-08-26T09:22:44.373Z","v":0}
{"name":"hexo","hostname":"baidus-MacBook-Pro.local","pid":769,"level":30,"msg":"Bye!","time":"2017-08-26T09:23:23.826Z","v":0}
{"name":"hexo","hostname":"baidus-MacBook-Pro.local","pid":769,"level":20,"msg":"Database saved","time":"2017-08-26T09:23:23.840Z","v":0}
